<?xml version="1.0" encoding="UTF-8"?>
<testsuite xmlns:xsi="http://www.w3.org/2001/XMLSchema-instance" xsi:noNamespaceSchemaLocation="https://maven.apache.org/surefire/maven-surefire-plugin/xsd/surefire-test-report.xsd" name="com.armandordz.estructura.DataFrameTest" time="0.03" tests="7" errors="0" skipped="0" failures="1">
  <properties>
    <property name="sun.desktop" value="gnome"/>
    <property name="awt.toolkit" value="sun.awt.X11.XToolkit"/>
    <property name="java.specification.version" value="11"/>
    <property name="sun.cpu.isalist" value=""/>
    <property name="sun.jnu.encoding" value="UTF-8"/>
    <property name="java.class.path" value="/media/armando_rdz/Archivos/UPV/VII Cuatrimestre/POO/exam-u1/target/test-classes:/media/armando_rdz/Archivos/UPV/VII Cuatrimestre/POO/exam-u1/target/classes:/home/armando_rdz/.m2/repository/junit/junit/4.11/junit-4.11.jar:/home/armando_rdz/.m2/repository/org/hamcrest/hamcrest-core/1.3/hamcrest-core-1.3.jar:/home/armando_rdz/.m2/repository/com/opencsv/opencsv/4.6/opencsv-4.6.jar:/home/armando_rdz/.m2/repository/org/apache/commons/commons-lang3/3.8.1/commons-lang3-3.8.1.jar:/home/armando_rdz/.m2/repository/org/apache/commons/commons-text/1.3/commons-text-1.3.jar:/home/armando_rdz/.m2/repository/commons-beanutils/commons-beanutils/1.9.3/commons-beanutils-1.9.3.jar:/home/armando_rdz/.m2/repository/commons-logging/commons-logging/1.2/commons-logging-1.2.jar:/home/armando_rdz/.m2/repository/commons-collections/commons-collections/3.2.2/commons-collections-3.2.2.jar:/home/armando_rdz/.m2/repository/org/apache/commons/commons-collections4/4.2/commons-collections4-4.2.jar:"/>
    <property name="java.vm.vendor" value="Ubuntu"/>
    <property name="sun.arch.data.model" value="64"/>
    <property name="java.vendor.url" value="https://ubuntu.com/"/>
    <property name="user.timezone" value=""/>
    <property name="java.vm.specification.version" value="11"/>
    <property name="os.name" value="Linux"/>
    <property name="sun.java.launcher" value="SUN_STANDARD"/>
    <property name="user.country" value="MX"/>
    <property name="sun.boot.library.path" value="/usr/lib/jvm/java-11-openjdk-amd64/lib"/>
    <property name="sun.java.command" value="/media/armando_rdz/Archivos/UPV/VII Cuatrimestre/POO/exam-u1/target/surefire/surefirebooter14703688164689928747.jar /media/armando_rdz/Archivos/UPV/VII Cuatrimestre/POO/exam-u1/target/surefire 2019-10-14T08-53-07_224-jvmRun1 surefire16457228151297217266tmp surefire_014405783366665049265tmp"/>
    <property name="jdk.debug" value="release"/>
    <property name="surefire.test.class.path" value="/media/armando_rdz/Archivos/UPV/VII Cuatrimestre/POO/exam-u1/target/test-classes:/media/armando_rdz/Archivos/UPV/VII Cuatrimestre/POO/exam-u1/target/classes:/home/armando_rdz/.m2/repository/junit/junit/4.11/junit-4.11.jar:/home/armando_rdz/.m2/repository/org/hamcrest/hamcrest-core/1.3/hamcrest-core-1.3.jar:/home/armando_rdz/.m2/repository/com/opencsv/opencsv/4.6/opencsv-4.6.jar:/home/armando_rdz/.m2/repository/org/apache/commons/commons-lang3/3.8.1/commons-lang3-3.8.1.jar:/home/armando_rdz/.m2/repository/org/apache/commons/commons-text/1.3/commons-text-1.3.jar:/home/armando_rdz/.m2/repository/commons-beanutils/commons-beanutils/1.9.3/commons-beanutils-1.9.3.jar:/home/armando_rdz/.m2/repository/commons-logging/commons-logging/1.2/commons-logging-1.2.jar:/home/armando_rdz/.m2/repository/commons-collections/commons-collections/3.2.2/commons-collections-3.2.2.jar:/home/armando_rdz/.m2/repository/org/apache/commons/commons-collections4/4.2/commons-collections4-4.2.jar:"/>
    <property name="sun.cpu.endian" value="little"/>
    <property name="user.home" value="/home/armando_rdz"/>
    <property name="user.language" value="es"/>
    <property name="java.specification.vendor" value="Oracle Corporation"/>
    <property name="java.version.date" value="2019-07-16"/>
    <property name="java.home" value="/usr/lib/jvm/java-11-openjdk-amd64"/>
    <property name="file.separator" value="/"/>
    <property name="basedir" value="/media/armando_rdz/Archivos/UPV/VII Cuatrimestre/POO/exam-u1"/>
    <property name="java.vm.compressedOopsMode" value="Zero based"/>
    <property name="line.separator" value="&#10;"/>
    <property name="idea.version2019.2.3" value="true"/>
    <property name="java.specification.name" value="Java Platform API Specification"/>
    <property name="java.vm.specification.vendor" value="Oracle Corporation"/>
    <property name="java.awt.graphicsenv" value="sun.awt.X11GraphicsEnvironment"/>
    <property name="surefire.real.class.path" value="/media/armando_rdz/Archivos/UPV/VII Cuatrimestre/POO/exam-u1/target/surefire/surefirebooter14703688164689928747.jar"/>
    <property name="sun.management.compiler" value="HotSpot 64-Bit Tiered Compilers"/>
    <property name="java.runtime.version" value="11.0.4+11-post-Ubuntu-1ubuntu218.04.3"/>
    <property name="user.name" value="armando_rdz"/>
    <property name="path.separator" value=":"/>
    <property name="os.version" value="5.0.0-31-generic"/>
    <property name="java.runtime.name" value="OpenJDK Runtime Environment"/>
    <property name="file.encoding" value="UTF-8"/>
    <property name="java.vm.name" value="OpenJDK 64-Bit Server VM"/>
    <property name="localRepository" value="/home/armando_rdz/.m2/repository"/>
    <property name="java.vendor.url.bug" value="https://bugs.launchpad.net/ubuntu/+source/openjdk-lts"/>
    <property name="java.io.tmpdir" value="/tmp"/>
    <property name="java.version" value="11.0.4"/>
    <property name="user.dir" value="/media/armando_rdz/Archivos/UPV/VII Cuatrimestre/POO/exam-u1"/>
    <property name="os.arch" value="amd64"/>
    <property name="java.vm.specification.name" value="Java Virtual Machine Specification"/>
    <property name="java.awt.printerjob" value="sun.print.PSPrinterJob"/>
    <property name="sun.os.patch.level" value="unknown"/>
    <property name="java.library.path" value="/usr/java/packages/lib:/usr/lib/x86_64-linux-gnu/jni:/lib/x86_64-linux-gnu:/usr/lib/x86_64-linux-gnu:/usr/lib/jni:/lib:/usr/lib"/>
    <property name="java.vendor" value="Ubuntu"/>
    <property name="java.vm.info" value="mixed mode, sharing"/>
    <property name="java.vm.version" value="11.0.4+11-post-Ubuntu-1ubuntu218.04.3"/>
    <property name="sun.io.unicode.encoding" value="UnicodeLittle"/>
    <property name="java.class.version" value="55.0"/>
  </properties>
  <testcase name="dtypes" classname="com.armandordz.estructura.DataFrameTest" time="0"/>
  <testcase name="testHead" classname="com.armandordz.estructura.DataFrameTest" time="0.022"/>
  <testcase name="testSort" classname="com.armandordz.estructura.DataFrameTest" time="0"/>
  <testcase name="head" classname="com.armandordz.estructura.DataFrameTest" time="0.007">
    <failure message="expected:&lt;10&gt; but was:&lt;7&gt;" type="java.lang.AssertionError"><![CDATA[java.lang.AssertionError: expected:<10> but was:<7>
	at com.armandordz.estructura.DataFrameTest.head(DataFrameTest.java:31)
]]></failure>
    <system-out><![CDATA[>Tabla 
]]></system-out>
  </testcase>
  <testcase name="sort" classname="com.armandordz.estructura.DataFrameTest" time="0"/>
  <testcase name="describe" classname="com.armandordz.estructura.DataFrameTest" time="0"/>
  <testcase name="testDtypes" classname="com.armandordz.estructura.DataFrameTest" time="0"/>
</testsuite>